<?xml version="1.0" encoding="UTF-8"?>
<testsuite name="com.poli.servicebooking.ServiceUsersApplicationTests" tests="1" skipped="0" failures="0" errors="0" timestamp="2021-09-18T00:27:36" hostname="MacBook-Pro-de-Mateo.local" time="0.043">
  <properties/>
  <testcase name="testShouldListUsers()" classname="com.poli.servicebooking.ServiceUsersApplicationTests" time="0.043"/>
  <system-out><![CDATA[19:27:34.251 [Test worker] DEBUG org.springframework.test.context.BootstrapUtils - Instantiating CacheAwareContextLoaderDelegate from class [org.springframework.test.context.cache.DefaultCacheAwareContextLoaderDelegate]
19:27:34.270 [Test worker] DEBUG org.springframework.test.context.BootstrapUtils - Instantiating BootstrapContext using constructor [public org.springframework.test.context.support.DefaultBootstrapContext(java.lang.Class,org.springframework.test.context.CacheAwareContextLoaderDelegate)]
19:27:34.311 [Test worker] DEBUG org.springframework.test.context.BootstrapUtils - Instantiating TestContextBootstrapper for test class [com.poli.servicebooking.ServiceUsersApplicationTests] from class [org.springframework.boot.test.context.SpringBootTestContextBootstrapper]
19:27:34.333 [Test worker] INFO org.springframework.boot.test.context.SpringBootTestContextBootstrapper - Neither @ContextConfiguration nor @ContextHierarchy found for test class [com.poli.servicebooking.ServiceUsersApplicationTests], using SpringBootContextLoader
19:27:34.337 [Test worker] DEBUG org.springframework.test.context.support.AbstractContextLoader - Did not detect default resource location for test class [com.poli.servicebooking.ServiceUsersApplicationTests]: class path resource [com/poli/servicebooking/ServiceUsersApplicationTests-context.xml] does not exist
19:27:34.337 [Test worker] DEBUG org.springframework.test.context.support.AbstractContextLoader - Did not detect default resource location for test class [com.poli.servicebooking.ServiceUsersApplicationTests]: class path resource [com/poli/servicebooking/ServiceUsersApplicationTestsContext.groovy] does not exist
19:27:34.337 [Test worker] INFO org.springframework.test.context.support.AbstractContextLoader - Could not detect default resource locations for test class [com.poli.servicebooking.ServiceUsersApplicationTests]: no resource found for suffixes {-context.xml, Context.groovy}.
19:27:34.387 [Test worker] DEBUG org.springframework.test.context.support.ActiveProfilesUtils - Could not find an 'annotation declaring class' for annotation type [org.springframework.test.context.ActiveProfiles] and class [com.poli.servicebooking.ServiceUsersApplicationTests]
19:27:34.538 [Test worker] DEBUG org.springframework.boot.test.context.SpringBootTestContextBootstrapper - @TestExecutionListeners is not present for class [com.poli.servicebooking.ServiceUsersApplicationTests]: using defaults.
19:27:34.538 [Test worker] INFO org.springframework.boot.test.context.SpringBootTestContextBootstrapper - Loaded default TestExecutionListener class names from location [META-INF/spring.factories]: [org.springframework.boot.test.autoconfigure.restdocs.RestDocsTestExecutionListener, org.springframework.boot.test.autoconfigure.web.client.MockRestServiceServerResetTestExecutionListener, org.springframework.boot.test.autoconfigure.web.servlet.MockMvcPrintOnlyOnFailureTestExecutionListener, org.springframework.boot.test.autoconfigure.web.servlet.WebDriverTestExecutionListener, org.springframework.boot.test.autoconfigure.webservices.client.MockWebServiceServerTestExecutionListener, org.springframework.boot.test.mock.mockito.MockitoTestExecutionListener, org.springframework.boot.test.mock.mockito.ResetMocksTestExecutionListener, org.springframework.test.context.web.ServletTestExecutionListener, org.springframework.test.context.support.DirtiesContextBeforeModesTestExecutionListener, org.springframework.test.context.support.DependencyInjectionTestExecutionListener, org.springframework.test.context.support.DirtiesContextTestExecutionListener, org.springframework.test.context.transaction.TransactionalTestExecutionListener, org.springframework.test.context.jdbc.SqlScriptsTestExecutionListener, org.springframework.test.context.event.EventPublishingTestExecutionListener]
19:27:34.568 [Test worker] INFO org.springframework.boot.test.context.SpringBootTestContextBootstrapper - Using TestExecutionListeners: [org.springframework.test.context.web.ServletTestExecutionListener@45ee2e86, org.springframework.test.context.support.DirtiesContextBeforeModesTestExecutionListener@12e0ddfa, org.springframework.boot.test.mock.mockito.MockitoTestExecutionListener@4f3e9222, org.springframework.boot.test.autoconfigure.SpringBootDependencyInjectionTestExecutionListener@4adcff23, org.springframework.test.context.support.DirtiesContextTestExecutionListener@7ef272e0, org.springframework.test.context.transaction.TransactionalTestExecutionListener@6ae96fc9, org.springframework.test.context.jdbc.SqlScriptsTestExecutionListener@51fd5f34, org.springframework.test.context.event.EventPublishingTestExecutionListener@7c7597cf, org.springframework.boot.test.autoconfigure.restdocs.RestDocsTestExecutionListener@117d9fd3, org.springframework.boot.test.autoconfigure.web.client.MockRestServiceServerResetTestExecutionListener@304b3d12, org.springframework.boot.test.autoconfigure.web.servlet.MockMvcPrintOnlyOnFailureTestExecutionListener@bf4c0d0, org.springframework.boot.test.autoconfigure.web.servlet.WebDriverTestExecutionListener@5b6ff58e, org.springframework.boot.test.autoconfigure.webservices.client.MockWebServiceServerTestExecutionListener@26916a37, org.springframework.boot.test.mock.mockito.ResetMocksTestExecutionListener@4f5b705a]
19:27:34.573 [Test worker] DEBUG org.springframework.test.context.support.AbstractDirtiesContextTestExecutionListener - Before test class: context [DefaultTestContext@af8cb9a testClass = ServiceUsersApplicationTests, testInstance = [null], testMethod = [null], testException = [null], mergedContextConfiguration = [WebMergedContextConfiguration@5a23bc60 testClass = ServiceUsersApplicationTests, locations = '{}', classes = '{class com.poli.serviceuser.entities.User}', contextInitializerClasses = '[]', activeProfiles = '{}', propertySourceLocations = '{}', propertySourceProperties = '{org.springframework.boot.test.context.SpringBootTestContextBootstrapper=true}', contextCustomizers = set[org.springframework.boot.test.autoconfigure.properties.PropertyMappingContextCustomizer@0, org.springframework.boot.test.autoconfigure.web.servlet.WebDriverContextCustomizerFactory$Customizer@37d669df, org.springframework.boot.test.context.filter.ExcludeFilterContextCustomizer@328fb14e, org.springframework.boot.test.json.DuplicateJsonObjectContextCustomizerFactory$DuplicateJsonObjectContextCustomizer@170b4a4b, org.springframework.boot.test.mock.mockito.MockitoContextCustomizer@0, org.springframework.boot.test.web.client.TestRestTemplateContextCustomizer@7eeac007, org.springframework.boot.test.context.SpringBootTestArgs@1, org.springframework.boot.test.context.SpringBootTestWebEnvironment@1c0bd051], resourceBasePath = 'src/main/webapp', contextLoader = 'org.springframework.boot.test.context.SpringBootContextLoader', parent = [null]], attributes = map['org.springframework.test.context.web.ServletTestExecutionListener.activateListener' -> true]], class annotated with @DirtiesContext [false] with mode [null].
19:27:34.801 [Test worker] DEBUG org.springframework.test.context.support.TestPropertySourceUtils - Adding inlined properties to environment: {spring.jmx.enabled=false, org.springframework.boot.test.context.SpringBootTestContextBootstrapper=true}

  .   ____          _            __ _ _
 /\\ / ___'_ __ _ _(_)_ __  __ _ \ \ \ \
( ( )\___ | '_ | '_| | '_ \/ _` | \ \ \ \
 \\/  ___)| |_)| | | | | || (_| |  ) ) ) )
  '  |____| .__|_| |_|_| |_\__, | / / / /
 =========|_|==============|___/=/_/_/_/
 :: Spring Boot ::       (v2.3.10.RELEASE)

2021-09-17 19:27:35.870  INFO 78612 --- [    Test worker] c.c.c.ConfigServicePropertySourceLocator : Fetching config from server at : http://localhost:8888
2021-09-17 19:27:36.066  INFO 78612 --- [    Test worker] c.c.c.ConfigServicePropertySourceLocator : Connect Timeout Exception on Url - http://localhost:8888. Will be trying the next url if available
2021-09-17 19:27:36.067  WARN 78612 --- [    Test worker] c.c.c.ConfigServicePropertySourceLocator : Could not locate PropertySource: I/O error on GET request for "http://localhost:8888/service-users/default": Connection refused (Connection refused); nested exception is java.net.ConnectException: Connection refused (Connection refused)
2021-09-17 19:27:36.079  INFO 78612 --- [    Test worker] c.p.s.ServiceUsersApplicationTests       : No active profile set, falling back to default profiles: default
2021-09-17 19:27:36.127  INFO 78612 --- [    Test worker] c.p.s.ServiceUsersApplicationTests       : Started ServiceUsersApplicationTests in 1.31 seconds (JVM running for 2.935)
]]></system-out>
  <system-err><![CDATA[]]></system-err>
</testsuite>
