<?xml version="1.0" encoding="UTF-8"?>
<testsuite name="com.poli.servicebooking.ServiceUsersApplicationTests" tests="1" skipped="0" failures="0" errors="0" timestamp="2021-09-18T00:17:47" hostname="MacBook-Pro-de-Mateo.local" time="0.041">
  <properties/>
  <testcase name="testShouldListUsers()" classname="com.poli.servicebooking.ServiceUsersApplicationTests" time="0.041"/>
  <system-out><![CDATA[19:17:45.216 [Test worker] DEBUG org.springframework.test.context.BootstrapUtils - Instantiating CacheAwareContextLoaderDelegate from class [org.springframework.test.context.cache.DefaultCacheAwareContextLoaderDelegate]
19:17:45.236 [Test worker] DEBUG org.springframework.test.context.BootstrapUtils - Instantiating BootstrapContext using constructor [public org.springframework.test.context.support.DefaultBootstrapContext(java.lang.Class,org.springframework.test.context.CacheAwareContextLoaderDelegate)]
19:17:45.280 [Test worker] DEBUG org.springframework.test.context.BootstrapUtils - Instantiating TestContextBootstrapper for test class [com.poli.servicebooking.ServiceUsersApplicationTests] from class [org.springframework.boot.test.context.SpringBootTestContextBootstrapper]
19:17:45.303 [Test worker] INFO org.springframework.boot.test.context.SpringBootTestContextBootstrapper - Neither @ContextConfiguration nor @ContextHierarchy found for test class [com.poli.servicebooking.ServiceUsersApplicationTests], using SpringBootContextLoader
19:17:45.307 [Test worker] DEBUG org.springframework.test.context.support.AbstractContextLoader - Did not detect default resource location for test class [com.poli.servicebooking.ServiceUsersApplicationTests]: class path resource [com/poli/servicebooking/ServiceUsersApplicationTests-context.xml] does not exist
19:17:45.307 [Test worker] DEBUG org.springframework.test.context.support.AbstractContextLoader - Did not detect default resource location for test class [com.poli.servicebooking.ServiceUsersApplicationTests]: class path resource [com/poli/servicebooking/ServiceUsersApplicationTestsContext.groovy] does not exist
19:17:45.308 [Test worker] INFO org.springframework.test.context.support.AbstractContextLoader - Could not detect default resource locations for test class [com.poli.servicebooking.ServiceUsersApplicationTests]: no resource found for suffixes {-context.xml, Context.groovy}.
19:17:45.354 [Test worker] DEBUG org.springframework.test.context.support.ActiveProfilesUtils - Could not find an 'annotation declaring class' for annotation type [org.springframework.test.context.ActiveProfiles] and class [com.poli.servicebooking.ServiceUsersApplicationTests]
19:17:45.506 [Test worker] DEBUG org.springframework.boot.test.context.SpringBootTestContextBootstrapper - @TestExecutionListeners is not present for class [com.poli.servicebooking.ServiceUsersApplicationTests]: using defaults.
19:17:45.506 [Test worker] INFO org.springframework.boot.test.context.SpringBootTestContextBootstrapper - Loaded default TestExecutionListener class names from location [META-INF/spring.factories]: [org.springframework.boot.test.autoconfigure.restdocs.RestDocsTestExecutionListener, org.springframework.boot.test.autoconfigure.web.client.MockRestServiceServerResetTestExecutionListener, org.springframework.boot.test.autoconfigure.web.servlet.MockMvcPrintOnlyOnFailureTestExecutionListener, org.springframework.boot.test.autoconfigure.web.servlet.WebDriverTestExecutionListener, org.springframework.boot.test.autoconfigure.webservices.client.MockWebServiceServerTestExecutionListener, org.springframework.boot.test.mock.mockito.MockitoTestExecutionListener, org.springframework.boot.test.mock.mockito.ResetMocksTestExecutionListener, org.springframework.test.context.web.ServletTestExecutionListener, org.springframework.test.context.support.DirtiesContextBeforeModesTestExecutionListener, org.springframework.test.context.support.DependencyInjectionTestExecutionListener, org.springframework.test.context.support.DirtiesContextTestExecutionListener, org.springframework.test.context.transaction.TransactionalTestExecutionListener, org.springframework.test.context.jdbc.SqlScriptsTestExecutionListener, org.springframework.test.context.event.EventPublishingTestExecutionListener]
19:17:45.530 [Test worker] INFO org.springframework.boot.test.context.SpringBootTestContextBootstrapper - Using TestExecutionListeners: [org.springframework.test.context.web.ServletTestExecutionListener@5eb3f91e, org.springframework.test.context.support.DirtiesContextBeforeModesTestExecutionListener@69729d6, org.springframework.boot.test.mock.mockito.MockitoTestExecutionListener@def383f, org.springframework.boot.test.autoconfigure.SpringBootDependencyInjectionTestExecutionListener@5a0c1018, org.springframework.test.context.support.DirtiesContextTestExecutionListener@1b36694e, org.springframework.test.context.transaction.TransactionalTestExecutionListener@24d02a67, org.springframework.test.context.jdbc.SqlScriptsTestExecutionListener@500ac002, org.springframework.test.context.event.EventPublishingTestExecutionListener@6abc86cb, org.springframework.boot.test.autoconfigure.restdocs.RestDocsTestExecutionListener@4268fecb, org.springframework.boot.test.autoconfigure.web.client.MockRestServiceServerResetTestExecutionListener@674e67f3, org.springframework.boot.test.autoconfigure.web.servlet.MockMvcPrintOnlyOnFailureTestExecutionListener@61c2a1c8, org.springframework.boot.test.autoconfigure.web.servlet.WebDriverTestExecutionListener@6f46f9e5, org.springframework.boot.test.autoconfigure.webservices.client.MockWebServiceServerTestExecutionListener@6addcc60, org.springframework.boot.test.mock.mockito.ResetMocksTestExecutionListener@7e384f37]
19:17:45.534 [Test worker] DEBUG org.springframework.test.context.support.AbstractDirtiesContextTestExecutionListener - Before test class: context [DefaultTestContext@19a82a05 testClass = ServiceUsersApplicationTests, testInstance = [null], testMethod = [null], testException = [null], mergedContextConfiguration = [WebMergedContextConfiguration@219d5c1a testClass = ServiceUsersApplicationTests, locations = '{}', classes = '{class com.poli.serviceuser.entities.User}', contextInitializerClasses = '[]', activeProfiles = '{}', propertySourceLocations = '{}', propertySourceProperties = '{org.springframework.boot.test.context.SpringBootTestContextBootstrapper=true}', contextCustomizers = set[org.springframework.boot.test.autoconfigure.properties.PropertyMappingContextCustomizer@0, org.springframework.boot.test.autoconfigure.web.servlet.WebDriverContextCustomizerFactory$Customizer@17a54509, org.springframework.boot.test.context.filter.ExcludeFilterContextCustomizer@62ae8ca, org.springframework.boot.test.json.DuplicateJsonObjectContextCustomizerFactory$DuplicateJsonObjectContextCustomizer@3b7a9272, org.springframework.boot.test.mock.mockito.MockitoContextCustomizer@0, org.springframework.boot.test.web.client.TestRestTemplateContextCustomizer@1f8df0e, org.springframework.boot.test.context.SpringBootTestArgs@1, org.springframework.boot.test.context.SpringBootTestWebEnvironment@29c29356], resourceBasePath = 'src/main/webapp', contextLoader = 'org.springframework.boot.test.context.SpringBootContextLoader', parent = [null]], attributes = map['org.springframework.test.context.web.ServletTestExecutionListener.activateListener' -> true]], class annotated with @DirtiesContext [false] with mode [null].
19:17:45.790 [Test worker] DEBUG org.springframework.test.context.support.TestPropertySourceUtils - Adding inlined properties to environment: {spring.jmx.enabled=false, org.springframework.boot.test.context.SpringBootTestContextBootstrapper=true}

  .   ____          _            __ _ _
 /\\ / ___'_ __ _ _(_)_ __  __ _ \ \ \ \
( ( )\___ | '_ | '_| | '_ \/ _` | \ \ \ \
 \\/  ___)| |_)| | | | | || (_| |  ) ) ) )
  '  |____| .__|_| |_|_| |_\__, | / / / /
 =========|_|==============|___/=/_/_/_/
 :: Spring Boot ::       (v2.3.10.RELEASE)

2021-09-17 19:17:46.891  INFO 78425 --- [    Test worker] c.c.c.ConfigServicePropertySourceLocator : Fetching config from server at : http://localhost:8888
2021-09-17 19:17:47.076  INFO 78425 --- [    Test worker] c.c.c.ConfigServicePropertySourceLocator : Connect Timeout Exception on Url - http://localhost:8888. Will be trying the next url if available
2021-09-17 19:17:47.077  WARN 78425 --- [    Test worker] c.c.c.ConfigServicePropertySourceLocator : Could not locate PropertySource: I/O error on GET request for "http://localhost:8888/service-users/default": Connection refused (Connection refused); nested exception is java.net.ConnectException: Connection refused (Connection refused)
2021-09-17 19:17:47.088  INFO 78425 --- [    Test worker] c.p.s.ServiceUsersApplicationTests       : No active profile set, falling back to default profiles: default
2021-09-17 19:17:47.135  INFO 78425 --- [    Test worker] c.p.s.ServiceUsersApplicationTests       : Started ServiceUsersApplicationTests in 1.325 seconds (JVM running for 3.155)
]]></system-out>
  <system-err><![CDATA[]]></system-err>
</testsuite>
