<?xml version="1.0" encoding="UTF-8"?>
<testsuite name="com.poli.servicebooking.ServiceUsersApplicationTests" tests="1" skipped="0" failures="0" errors="0" timestamp="2021-09-18T01:05:47" hostname="MacBook-Pro-de-Mateo.local" time="0.049">
  <properties/>
  <testcase name="testShouldListUsers()" classname="com.poli.servicebooking.ServiceUsersApplicationTests" time="0.049"/>
  <system-out><![CDATA[20:05:45.139 [Test worker] DEBUG org.springframework.test.context.BootstrapUtils - Instantiating CacheAwareContextLoaderDelegate from class [org.springframework.test.context.cache.DefaultCacheAwareContextLoaderDelegate]
20:05:45.165 [Test worker] DEBUG org.springframework.test.context.BootstrapUtils - Instantiating BootstrapContext using constructor [public org.springframework.test.context.support.DefaultBootstrapContext(java.lang.Class,org.springframework.test.context.CacheAwareContextLoaderDelegate)]
20:05:45.211 [Test worker] DEBUG org.springframework.test.context.BootstrapUtils - Instantiating TestContextBootstrapper for test class [com.poli.servicebooking.ServiceUsersApplicationTests] from class [org.springframework.boot.test.context.SpringBootTestContextBootstrapper]
20:05:45.234 [Test worker] INFO org.springframework.boot.test.context.SpringBootTestContextBootstrapper - Neither @ContextConfiguration nor @ContextHierarchy found for test class [com.poli.servicebooking.ServiceUsersApplicationTests], using SpringBootContextLoader
20:05:45.238 [Test worker] DEBUG org.springframework.test.context.support.AbstractContextLoader - Did not detect default resource location for test class [com.poli.servicebooking.ServiceUsersApplicationTests]: class path resource [com/poli/servicebooking/ServiceUsersApplicationTests-context.xml] does not exist
20:05:45.239 [Test worker] DEBUG org.springframework.test.context.support.AbstractContextLoader - Did not detect default resource location for test class [com.poli.servicebooking.ServiceUsersApplicationTests]: class path resource [com/poli/servicebooking/ServiceUsersApplicationTestsContext.groovy] does not exist
20:05:45.239 [Test worker] INFO org.springframework.test.context.support.AbstractContextLoader - Could not detect default resource locations for test class [com.poli.servicebooking.ServiceUsersApplicationTests]: no resource found for suffixes {-context.xml, Context.groovy}.
20:05:45.291 [Test worker] DEBUG org.springframework.test.context.support.ActiveProfilesUtils - Could not find an 'annotation declaring class' for annotation type [org.springframework.test.context.ActiveProfiles] and class [com.poli.servicebooking.ServiceUsersApplicationTests]
20:05:45.443 [Test worker] DEBUG org.springframework.boot.test.context.SpringBootTestContextBootstrapper - @TestExecutionListeners is not present for class [com.poli.servicebooking.ServiceUsersApplicationTests]: using defaults.
20:05:45.444 [Test worker] INFO org.springframework.boot.test.context.SpringBootTestContextBootstrapper - Loaded default TestExecutionListener class names from location [META-INF/spring.factories]: [org.springframework.boot.test.autoconfigure.restdocs.RestDocsTestExecutionListener, org.springframework.boot.test.autoconfigure.web.client.MockRestServiceServerResetTestExecutionListener, org.springframework.boot.test.autoconfigure.web.servlet.MockMvcPrintOnlyOnFailureTestExecutionListener, org.springframework.boot.test.autoconfigure.web.servlet.WebDriverTestExecutionListener, org.springframework.boot.test.autoconfigure.webservices.client.MockWebServiceServerTestExecutionListener, org.springframework.boot.test.mock.mockito.MockitoTestExecutionListener, org.springframework.boot.test.mock.mockito.ResetMocksTestExecutionListener, org.springframework.test.context.web.ServletTestExecutionListener, org.springframework.test.context.support.DirtiesContextBeforeModesTestExecutionListener, org.springframework.test.context.support.DependencyInjectionTestExecutionListener, org.springframework.test.context.support.DirtiesContextTestExecutionListener, org.springframework.test.context.transaction.TransactionalTestExecutionListener, org.springframework.test.context.jdbc.SqlScriptsTestExecutionListener, org.springframework.test.context.event.EventPublishingTestExecutionListener]
20:05:45.468 [Test worker] INFO org.springframework.boot.test.context.SpringBootTestContextBootstrapper - Using TestExecutionListeners: [org.springframework.test.context.web.ServletTestExecutionListener@73cc6e62, org.springframework.test.context.support.DirtiesContextBeforeModesTestExecutionListener@2e11df90, org.springframework.boot.test.mock.mockito.MockitoTestExecutionListener@2a28bbe5, org.springframework.boot.test.autoconfigure.SpringBootDependencyInjectionTestExecutionListener@2190747e, org.springframework.test.context.support.DirtiesContextTestExecutionListener@313fa150, org.springframework.test.context.transaction.TransactionalTestExecutionListener@117205b8, org.springframework.test.context.jdbc.SqlScriptsTestExecutionListener@7e6a63e0, org.springframework.test.context.event.EventPublishingTestExecutionListener@5c7bcbd7, org.springframework.boot.test.autoconfigure.restdocs.RestDocsTestExecutionListener@1002c429, org.springframework.boot.test.autoconfigure.web.client.MockRestServiceServerResetTestExecutionListener@11dc4c54, org.springframework.boot.test.autoconfigure.web.servlet.MockMvcPrintOnlyOnFailureTestExecutionListener@3c0458ec, org.springframework.boot.test.autoconfigure.web.servlet.WebDriverTestExecutionListener@3e2319c8, org.springframework.boot.test.autoconfigure.webservices.client.MockWebServiceServerTestExecutionListener@3886a1a9, org.springframework.boot.test.mock.mockito.ResetMocksTestExecutionListener@4bcbf401]
20:05:45.473 [Test worker] DEBUG org.springframework.test.context.support.AbstractDirtiesContextTestExecutionListener - Before test class: context [DefaultTestContext@99f079b testClass = ServiceUsersApplicationTests, testInstance = [null], testMethod = [null], testException = [null], mergedContextConfiguration = [WebMergedContextConfiguration@6bd542bc testClass = ServiceUsersApplicationTests, locations = '{}', classes = '{class com.poli.serviceuser.entities.User}', contextInitializerClasses = '[]', activeProfiles = '{}', propertySourceLocations = '{}', propertySourceProperties = '{org.springframework.boot.test.context.SpringBootTestContextBootstrapper=true}', contextCustomizers = set[org.springframework.boot.test.autoconfigure.properties.PropertyMappingContextCustomizer@0, org.springframework.boot.test.autoconfigure.web.servlet.WebDriverContextCustomizerFactory$Customizer@22fac21f, org.springframework.boot.test.context.filter.ExcludeFilterContextCustomizer@2444ad77, org.springframework.boot.test.json.DuplicateJsonObjectContextCustomizerFactory$DuplicateJsonObjectContextCustomizer@2ce138d9, org.springframework.boot.test.mock.mockito.MockitoContextCustomizer@0, org.springframework.boot.test.web.client.TestRestTemplateContextCustomizer@706eef3b, org.springframework.boot.test.context.SpringBootTestArgs@1, org.springframework.boot.test.context.SpringBootTestWebEnvironment@64bdba46], resourceBasePath = 'src/main/webapp', contextLoader = 'org.springframework.boot.test.context.SpringBootContextLoader', parent = [null]], attributes = map['org.springframework.test.context.web.ServletTestExecutionListener.activateListener' -> true]], class annotated with @DirtiesContext [false] with mode [null].
20:05:45.683 [Test worker] DEBUG org.springframework.test.context.support.TestPropertySourceUtils - Adding inlined properties to environment: {spring.jmx.enabled=false, org.springframework.boot.test.context.SpringBootTestContextBootstrapper=true}

  .   ____          _            __ _ _
 /\\ / ___'_ __ _ _(_)_ __  __ _ \ \ \ \
( ( )\___ | '_ | '_| | '_ \/ _` | \ \ \ \
 \\/  ___)| |_)| | | | | || (_| |  ) ) ) )
  '  |____| .__|_| |_|_| |_\__, | / / / /
 =========|_|==============|___/=/_/_/_/
 :: Spring Boot ::       (v2.3.10.RELEASE)

2021-09-17 20:05:46.666  INFO 78872 --- [    Test worker] c.c.c.ConfigServicePropertySourceLocator : Fetching config from server at : http://localhost:8888
2021-09-17 20:05:46.837  INFO 78872 --- [    Test worker] c.c.c.ConfigServicePropertySourceLocator : Connect Timeout Exception on Url - http://localhost:8888. Will be trying the next url if available
2021-09-17 20:05:46.837  WARN 78872 --- [    Test worker] c.c.c.ConfigServicePropertySourceLocator : Could not locate PropertySource: I/O error on GET request for "http://localhost:8888/service-users/default": Connection refused (Connection refused); nested exception is java.net.ConnectException: Connection refused (Connection refused)
2021-09-17 20:05:46.847  INFO 78872 --- [    Test worker] c.p.s.ServiceUsersApplicationTests       : No active profile set, falling back to default profiles: default
2021-09-17 20:05:46.892  INFO 78872 --- [    Test worker] c.p.s.ServiceUsersApplicationTests       : Started ServiceUsersApplicationTests in 1.194 seconds (JVM running for 2.86)
]]></system-out>
  <system-err><![CDATA[]]></system-err>
</testsuite>
