<?xml version="1.0" encoding="UTF-8"?>
<testsuite name="com.poli.servicebooking.ServiceUsersApplicationTests" tests="1" skipped="0" failures="0" errors="0" timestamp="2021-09-18T00:32:43" hostname="DESKTOP-DR891O5" time="0.06">
  <properties/>
  <testcase name="contextLoads()" classname="com.poli.servicebooking.ServiceUsersApplicationTests" time="0.06"/>
  <system-out><![CDATA[19:32:33.083 [Test worker] DEBUG org.springframework.test.context.BootstrapUtils - Instantiating CacheAwareContextLoaderDelegate from class [org.springframework.test.context.cache.DefaultCacheAwareContextLoaderDelegate]
19:32:33.143 [Test worker] DEBUG org.springframework.test.context.BootstrapUtils - Instantiating BootstrapContext using constructor [public org.springframework.test.context.support.DefaultBootstrapContext(java.lang.Class,org.springframework.test.context.CacheAwareContextLoaderDelegate)]
19:32:33.335 [Test worker] DEBUG org.springframework.test.context.BootstrapUtils - Instantiating TestContextBootstrapper for test class [com.poli.servicebooking.ServiceUsersApplicationTests] from class [org.springframework.boot.test.context.SpringBootTestContextBootstrapper]
19:32:33.426 [Test worker] INFO org.springframework.boot.test.context.SpringBootTestContextBootstrapper - Neither @ContextConfiguration nor @ContextHierarchy found for test class [com.poli.servicebooking.ServiceUsersApplicationTests], using SpringBootContextLoader
19:32:33.443 [Test worker] DEBUG org.springframework.test.context.support.AbstractContextLoader - Did not detect default resource location for test class [com.poli.servicebooking.ServiceUsersApplicationTests]: class path resource [com/poli/servicebooking/ServiceUsersApplicationTests-context.xml] does not exist
19:32:33.446 [Test worker] DEBUG org.springframework.test.context.support.AbstractContextLoader - Did not detect default resource location for test class [com.poli.servicebooking.ServiceUsersApplicationTests]: class path resource [com/poli/servicebooking/ServiceUsersApplicationTestsContext.groovy] does not exist
19:32:33.448 [Test worker] INFO org.springframework.test.context.support.AbstractContextLoader - Could not detect default resource locations for test class [com.poli.servicebooking.ServiceUsersApplicationTests]: no resource found for suffixes {-context.xml, Context.groovy}.
19:32:33.682 [Test worker] DEBUG org.springframework.test.context.support.ActiveProfilesUtils - Could not find an 'annotation declaring class' for annotation type [org.springframework.test.context.ActiveProfiles] and class [com.poli.servicebooking.ServiceUsersApplicationTests]
19:32:34.303 [Test worker] DEBUG org.springframework.boot.test.context.SpringBootTestContextBootstrapper - @TestExecutionListeners is not present for class [com.poli.servicebooking.ServiceUsersApplicationTests]: using defaults.
19:32:34.305 [Test worker] INFO org.springframework.boot.test.context.SpringBootTestContextBootstrapper - Loaded default TestExecutionListener class names from location [META-INF/spring.factories]: [org.springframework.boot.test.autoconfigure.restdocs.RestDocsTestExecutionListener, org.springframework.boot.test.autoconfigure.web.client.MockRestServiceServerResetTestExecutionListener, org.springframework.boot.test.autoconfigure.web.servlet.MockMvcPrintOnlyOnFailureTestExecutionListener, org.springframework.boot.test.autoconfigure.web.servlet.WebDriverTestExecutionListener, org.springframework.boot.test.autoconfigure.webservices.client.MockWebServiceServerTestExecutionListener, org.springframework.boot.test.mock.mockito.MockitoTestExecutionListener, org.springframework.boot.test.mock.mockito.ResetMocksTestExecutionListener, org.springframework.test.context.web.ServletTestExecutionListener, org.springframework.test.context.support.DirtiesContextBeforeModesTestExecutionListener, org.springframework.test.context.support.DependencyInjectionTestExecutionListener, org.springframework.test.context.support.DirtiesContextTestExecutionListener, org.springframework.test.context.transaction.TransactionalTestExecutionListener, org.springframework.test.context.jdbc.SqlScriptsTestExecutionListener, org.springframework.test.context.event.EventPublishingTestExecutionListener]
19:32:34.378 [Test worker] INFO org.springframework.boot.test.context.SpringBootTestContextBootstrapper - Using TestExecutionListeners: [org.springframework.test.context.web.ServletTestExecutionListener@6985c0f, org.springframework.test.context.support.DirtiesContextBeforeModesTestExecutionListener@f6f2952, org.springframework.boot.test.mock.mockito.MockitoTestExecutionListener@53baa021, org.springframework.boot.test.autoconfigure.SpringBootDependencyInjectionTestExecutionListener@5f2b4a73, org.springframework.test.context.support.DirtiesContextTestExecutionListener@1b170dbd, org.springframework.test.context.transaction.TransactionalTestExecutionListener@6d448234, org.springframework.test.context.jdbc.SqlScriptsTestExecutionListener@6bf98c15, org.springframework.test.context.event.EventPublishingTestExecutionListener@6e043bcb, org.springframework.boot.test.autoconfigure.restdocs.RestDocsTestExecutionListener@4d5da953, org.springframework.boot.test.autoconfigure.web.client.MockRestServiceServerResetTestExecutionListener@4c1d7ee, org.springframework.boot.test.autoconfigure.web.servlet.MockMvcPrintOnlyOnFailureTestExecutionListener@237f7a47, org.springframework.boot.test.autoconfigure.web.servlet.WebDriverTestExecutionListener@6cead780, org.springframework.boot.test.autoconfigure.webservices.client.MockWebServiceServerTestExecutionListener@4c5dec7f, org.springframework.boot.test.mock.mockito.ResetMocksTestExecutionListener@46a93cbd]
19:32:34.394 [Test worker] DEBUG org.springframework.test.context.support.AbstractDirtiesContextTestExecutionListener - Before test class: context [DefaultTestContext@6ce904d6 testClass = ServiceUsersApplicationTests, testInstance = [null], testMethod = [null], testException = [null], mergedContextConfiguration = [WebMergedContextConfiguration@6078c6c4 testClass = ServiceUsersApplicationTests, locations = '{}', classes = '{class com.poli.serviceuser.entities.User}', contextInitializerClasses = '[]', activeProfiles = '{}', propertySourceLocations = '{}', propertySourceProperties = '{org.springframework.boot.test.context.SpringBootTestContextBootstrapper=true}', contextCustomizers = set[org.springframework.boot.test.autoconfigure.properties.PropertyMappingContextCustomizer@0, org.springframework.boot.test.autoconfigure.web.servlet.WebDriverContextCustomizerFactory$Customizer@dec9a93, org.springframework.boot.test.context.filter.ExcludeFilterContextCustomizer@61b8e403, org.springframework.boot.test.json.DuplicateJsonObjectContextCustomizerFactory$DuplicateJsonObjectContextCustomizer@186a8ca5, org.springframework.boot.test.mock.mockito.MockitoContextCustomizer@0, org.springframework.boot.test.web.client.TestRestTemplateContextCustomizer@2d706d6a, org.springframework.boot.test.context.SpringBootTestArgs@1, org.springframework.boot.test.context.SpringBootTestWebEnvironment@2bdf7798], resourceBasePath = 'src/main/webapp', contextLoader = 'org.springframework.boot.test.context.SpringBootContextLoader', parent = [null]], attributes = map['org.springframework.test.context.web.ServletTestExecutionListener.activateListener' -> true]], class annotated with @DirtiesContext [false] with mode [null].
19:32:35.099 [Test worker] DEBUG org.springframework.test.context.support.TestPropertySourceUtils - Adding inlined properties to environment: {spring.jmx.enabled=false, org.springframework.boot.test.context.SpringBootTestContextBootstrapper=true}

  .   ____          _            __ _ _
 /\\ / ___'_ __ _ _(_)_ __  __ _ \ \ \ \
( ( )\___ | '_ | '_| | '_ \/ _` | \ \ \ \
 \\/  ___)| |_)| | | | | || (_| |  ) ) ) )
  '  |____| .__|_| |_|_| |_\__, | / / / /
 =========|_|==============|___/=/_/_/_/
 :: Spring Boot ::       (v2.3.10.RELEASE)

2021-09-17 19:32:40.022  INFO 9336 --- [    Test worker] c.c.c.ConfigServicePropertySourceLocator : Fetching config from server at : http://localhost:8888
2021-09-17 19:32:42.493  INFO 9336 --- [    Test worker] c.c.c.ConfigServicePropertySourceLocator : Connect Timeout Exception on Url - http://localhost:8888. Will be trying the next url if available
2021-09-17 19:32:42.495  WARN 9336 --- [    Test worker] c.c.c.ConfigServicePropertySourceLocator : Could not locate PropertySource: I/O error on GET request for "http://localhost:8888/service-users/default": Connection refused: connect; nested exception is java.net.ConnectException: Connection refused: connect
2021-09-17 19:32:42.543  INFO 9336 --- [    Test worker] c.p.s.ServiceUsersApplicationTests       : No active profile set, falling back to default profiles: default
2021-09-17 19:32:42.673  INFO 9336 --- [    Test worker] c.p.s.ServiceUsersApplicationTests       : Started ServiceUsersApplicationTests in 7.461 seconds (JVM running for 13.712)
]]></system-out>
  <system-err><![CDATA[]]></system-err>
</testsuite>
